{"$message_type":"diagnostic","message":"failed to resolve: could not find `__private` in `scale`","code":{"code":"E0433","explanation":"An undeclared crate, module, or type was used.\n\nErroneous code example:\n\n```compile_fail,E0433\nlet map = HashMap::new();\n// error: failed to resolve: use of undeclared type `HashMap`\n```\n\nPlease verify you didn't misspell the type/module's name or that you didn't\nforget to import it:\n\n```\nuse std::collections::HashMap; // HashMap has been imported.\nlet map: HashMap<u32, u32> = HashMap::new(); // So it can be used!\n```\n\nIf you've expected to use a crate name:\n\n```compile_fail\nuse ferris_wheel::BigO;\n// error: failed to resolve: use of undeclared module or unlinked crate\n```\n\nMake sure the crate has been added as a dependency in `Cargo.toml`.\n\nTo use a module from your current crate, add the `crate::` prefix to the path.\n"},"level":"error","spans":[{"file_name":"/Users/gustavo/.cargo/registry/src/index.crates.io-1949cf8c6b5b557f/scale-info-2.11.6/src/ty/mod.rs","byte_start":8549,"byte_end":8555,"line_start":274,"line_end":274,"column_start":56,"column_end":62,"is_primary":true,"text":[{"text":"#[derive(PartialEq, Eq, PartialOrd, Ord, Clone, Debug, Encode)]","highlight_start":56,"highlight_end":62}],"label":"could not find `__private` in `scale`","suggested_replacement":null,"suggestion_applicability":null,"expansion":{"span":{"file_name":"/Users/gustavo/.cargo/registry/src/index.crates.io-1949cf8c6b5b557f/scale-info-2.11.6/src/ty/mod.rs","byte_start":8549,"byte_end":8555,"line_start":274,"line_end":274,"column_start":56,"column_end":62,"is_primary":false,"text":[{"text":"#[derive(PartialEq, Eq, PartialOrd, Ord, Clone, Debug, Encode)]","highlight_start":56,"highlight_end":62}],"label":null,"suggested_replacement":null,"suggestion_applicability":null,"expansion":null},"macro_decl_name":"#[derive(Encode)]","def_site_span":{"file_name":"/Users/gustavo/.cargo/registry/src/index.crates.io-1949cf8c6b5b557f/parity-scale-codec-derive-3.7.5/src/lib.rs","byte_start":4251,"byte_end":4330,"line_start":125,"line_end":125,"column_start":1,"column_end":80,"is_primary":false,"text":[{"text":"pub fn encode_derive(input: proc_macro::TokenStream) -> proc_macro::TokenStream {","highlight_start":1,"highlight_end":80}],"label":null,"suggested_replacement":null,"suggestion_applicability":null,"expansion":null}}}],"children":[],"rendered":"\u001b[0m\u001b[1m\u001b[38;5;9merror[E0433]\u001b[0m\u001b[0m\u001b[1m: failed to resolve: could not find `__private` in `scale`\u001b[0m\n\u001b[0m   \u001b[0m\u001b[0m\u001b[1m\u001b[38;5;12m--> \u001b[0m\u001b[0m/Users/gustavo/.cargo/registry/src/index.crates.io-1949cf8c6b5b557f/scale-info-2.11.6/src/ty/mod.rs:274:56\u001b[0m\n\u001b[0m    \u001b[0m\u001b[0m\u001b[1m\u001b[38;5;12m|\u001b[0m\n\u001b[0m\u001b[1m\u001b[38;5;12m274\u001b[0m\u001b[0m \u001b[0m\u001b[0m\u001b[1m\u001b[38;5;12m|\u001b[0m\u001b[0m \u001b[0m\u001b[0m#[derive(PartialEq, Eq, PartialOrd, Ord, Clone, Debug, Encode)]\u001b[0m\n\u001b[0m    \u001b[0m\u001b[0m\u001b[1m\u001b[38;5;12m|\u001b[0m\u001b[0m                                                        \u001b[0m\u001b[0m\u001b[1m\u001b[38;5;9m^^^^^^\u001b[0m\u001b[0m \u001b[0m\u001b[0m\u001b[1m\u001b[38;5;9mcould not find `__private` in `scale`\u001b[0m\n\u001b[0m    \u001b[0m\u001b[0m\u001b[1m\u001b[38;5;12m|\u001b[0m\n\u001b[0m    \u001b[0m\u001b[0m\u001b[1m\u001b[38;5;12m= \u001b[0m\u001b[0m\u001b[1mnote\u001b[0m\u001b[0m: this error originates in the derive macro `Encode` (in Nightly builds, run with -Z macro-backtrace for more info)\u001b[0m\n\n"}
{"$message_type":"diagnostic","message":"failed to resolve: could not find `__private` in `scale`","code":{"code":"E0433","explanation":"An undeclared crate, module, or type was used.\n\nErroneous code example:\n\n```compile_fail,E0433\nlet map = HashMap::new();\n// error: failed to resolve: use of undeclared type `HashMap`\n```\n\nPlease verify you didn't misspell the type/module's name or that you didn't\nforget to import it:\n\n```\nuse std::collections::HashMap; // HashMap has been imported.\nlet map: HashMap<u32, u32> = HashMap::new(); // So it can be used!\n```\n\nIf you've expected to use a crate name:\n\n```compile_fail\nuse ferris_wheel::BigO;\n// error: failed to resolve: use of undeclared module or unlinked crate\n```\n\nMake sure the crate has been added as a dependency in `Cargo.toml`.\n\nTo use a module from your current crate, add the `crate::` prefix to the path.\n"},"level":"error","spans":[{"file_name":"/Users/gustavo/.cargo/registry/src/index.crates.io-1949cf8c6b5b557f/scale-info-2.11.6/src/ty/mod.rs","byte_start":11209,"byte_end":11215,"line_start":349,"line_end":349,"column_start":49,"column_end":55,"is_primary":true,"text":[{"text":"#[derive(PartialEq, Eq, PartialOrd, Ord, Clone, Encode, Debug)]","highlight_start":49,"highlight_end":55}],"label":"could not find `__private` in `scale`","suggested_replacement":null,"suggestion_applicability":null,"expansion":{"span":{"file_name":"/Users/gustavo/.cargo/registry/src/index.crates.io-1949cf8c6b5b557f/scale-info-2.11.6/src/ty/mod.rs","byte_start":11209,"byte_end":11215,"line_start":349,"line_end":349,"column_start":49,"column_end":55,"is_primary":false,"text":[{"text":"#[derive(PartialEq, Eq, PartialOrd, Ord, Clone, Encode, Debug)]","highlight_start":49,"highlight_end":55}],"label":null,"suggested_replacement":null,"suggestion_applicability":null,"expansion":null},"macro_decl_name":"#[derive(Encode)]","def_site_span":{"file_name":"/Users/gustavo/.cargo/registry/src/index.crates.io-1949cf8c6b5b557f/parity-scale-codec-derive-3.7.5/src/lib.rs","byte_start":4251,"byte_end":4330,"line_start":125,"line_end":125,"column_start":1,"column_end":80,"is_primary":false,"text":[{"text":"pub fn encode_derive(input: proc_macro::TokenStream) -> proc_macro::TokenStream {","highlight_start":1,"highlight_end":80}],"label":null,"suggested_replacement":null,"suggestion_applicability":null,"expansion":null}}}],"children":[],"rendered":"\u001b[0m\u001b[1m\u001b[38;5;9merror[E0433]\u001b[0m\u001b[0m\u001b[1m: failed to resolve: could not find `__private` in `scale`\u001b[0m\n\u001b[0m   \u001b[0m\u001b[0m\u001b[1m\u001b[38;5;12m--> \u001b[0m\u001b[0m/Users/gustavo/.cargo/registry/src/index.crates.io-1949cf8c6b5b557f/scale-info-2.11.6/src/ty/mod.rs:349:49\u001b[0m\n\u001b[0m    \u001b[0m\u001b[0m\u001b[1m\u001b[38;5;12m|\u001b[0m\n\u001b[0m\u001b[1m\u001b[38;5;12m349\u001b[0m\u001b[0m \u001b[0m\u001b[0m\u001b[1m\u001b[38;5;12m|\u001b[0m\u001b[0m \u001b[0m\u001b[0m#[derive(PartialEq, Eq, PartialOrd, Ord, Clone, Encode, Debug)]\u001b[0m\n\u001b[0m    \u001b[0m\u001b[0m\u001b[1m\u001b[38;5;12m|\u001b[0m\u001b[0m                                                 \u001b[0m\u001b[0m\u001b[1m\u001b[38;5;9m^^^^^^\u001b[0m\u001b[0m \u001b[0m\u001b[0m\u001b[1m\u001b[38;5;9mcould not find `__private` in `scale`\u001b[0m\n\u001b[0m    \u001b[0m\u001b[0m\u001b[1m\u001b[38;5;12m|\u001b[0m\n\u001b[0m    \u001b[0m\u001b[0m\u001b[1m\u001b[38;5;12m= \u001b[0m\u001b[0m\u001b[1mnote\u001b[0m\u001b[0m: this error originates in the derive macro `Encode` (in Nightly builds, run with -Z macro-backtrace for more info)\u001b[0m\n\n"}
{"$message_type":"diagnostic","message":"aborting due to 2 previous errors","code":null,"level":"error","spans":[],"children":[],"rendered":"\u001b[0m\u001b[1m\u001b[38;5;9merror\u001b[0m\u001b[0m\u001b[1m: aborting due to 2 previous errors\u001b[0m\n\n"}
{"$message_type":"diagnostic","message":"For more information about this error, try `rustc --explain E0433`.","code":null,"level":"failure-note","spans":[],"children":[],"rendered":"\u001b[0m\u001b[1mFor more information about this error, try `rustc --explain E0433`.\u001b[0m\n"}
